<?xml version="1.0" encoding="UTF-8"?>
<!-- Generated by org.testng.reporters.JUnitXMLReporter -->
<testsuite hostname="IN-IT10813" ignored="0" name="Default test" tests="3" failures="0" timestamp="2023-03-01T23:35:15 IST" time="11.443" errors="0">
  <testcase name="verfiyAddReportTest" time="0.994" classname="testscripts.FMCReports"/>
  <testcase name="verifyGetReportTest" time="1.244" classname="testscripts.FMCReports"/>
  <testcase name="verifyDeleteReportTest" time="1.046" classname="testscripts.FMCReports"/>
</testsuite> <!-- Default test -->
