<?xml version="1.0" encoding="UTF-8"?>
<!-- Generated by org.testng.reporters.JUnitXMLReporter -->
<testsuite hostname="IN-IT10813" ignored="1" name="Default test" tests="7" failures="0" timestamp="2023-02-23T14:17:00 IST" time="25.383" errors="0">
  <testcase name="createBookingTestWithPOJO" time="1.966" classname="testscripts.CreateBookingTest"/>
  <testcase name="getAllBookindTest" time="1.831" classname="testscripts.CreateBookingTest"/>
  <testcase name="getBookindIdTest" time="1.517" classname="testscripts.CreateBookingTest"/>
  <testcase name="getBookindIdDeserealisedTest" time="1.431" classname="testscripts.CreateBookingTest"/>
  <testcase name="updateBookindIdDeserealisedTest" time="1.414" classname="testscripts.CreateBookingTest"/>
  <testcase name="updatePartialBookingIdTest" time="1.379" classname="testscripts.CreateBookingTest"/>
  <testcase name="DeleteBookingTest" time="3.432" classname="testscripts.CreateBookingTest"/>
  <testcase name="createBookingTest" time="0.0" classname="testscripts.CreateBookingTest">
    <ignored/>
  </testcase> <!-- createBookingTest -->
</testsuite> <!-- Default test -->
