<?xml version="1.0" encoding="UTF-8"?>
<testng-results skipped="0" failed="0" ignored="0" total="3" passed="3">
  <reporter-output>
  </reporter-output>
  <suite name="Default suite" duration-ms="11443" started-at="2023-03-01T23:35:04 IST" finished-at="2023-03-01T23:35:15 IST">
    <groups>
    </groups>
    <test name="Default test" duration-ms="11443" started-at="2023-03-01T23:35:04 IST" finished-at="2023-03-01T23:35:15 IST">
      <class name="testscripts.FMCReports">
        <test-method status="PASS" signature="login()[pri:0, instance:testscripts.FMCReports@479b5066]" name="login" is-config="true" duration-ms="8124" started-at="2023-03-01T23:35:04 IST" finished-at="2023-03-01T23:35:12 IST">
          <reporter-output>
          </reporter-output>
        </test-method> <!-- login -->
        <test-method status="PASS" signature="verfiyAddReportTest()[pri:0, instance:testscripts.FMCReports@479b5066]" name="verfiyAddReportTest" duration-ms="994" started-at="2023-03-01T23:35:12 IST" finished-at="2023-03-01T23:35:13 IST">
          <reporter-output>
          </reporter-output>
        </test-method> <!-- verfiyAddReportTest -->
        <test-method status="PASS" signature="verifyGetReportTest()[pri:1, instance:testscripts.FMCReports@479b5066]" name="verifyGetReportTest" duration-ms="1244" started-at="2023-03-01T23:35:13 IST" finished-at="2023-03-01T23:35:14 IST">
          <reporter-output>
          </reporter-output>
        </test-method> <!-- verifyGetReportTest -->
        <test-method status="PASS" signature="verifyDeleteReportTest()[pri:2, instance:testscripts.FMCReports@479b5066]" name="verifyDeleteReportTest" duration-ms="1046" started-at="2023-03-01T23:35:14 IST" finished-at="2023-03-01T23:35:15 IST">
          <reporter-output>
          </reporter-output>
        </test-method> <!-- verifyDeleteReportTest -->
      </class> <!-- testscripts.FMCReports -->
    </test> <!-- Default test -->
  </suite> <!-- Default suite -->
</testng-results>
